[2019-10-07 13:35:24.405] [sharedprocess] [info] main {"machineId":"ea8b0c33ab8a513608ff9a43ad25a946f39639ede29d6bb5d5f7423c0a7dcf6d"}
[2019-10-07 13:35:24.435] [sharedprocess] [info] Scanned user extensions: 4
[2019-10-07 13:35:27.521] [sharedprocess] [info] Scanned user extensions: 4
[2019-10-07 13:35:27.522] [sharedprocess] [info] Scanned user extensions: 4
[2019-10-07 13:35:27.697] [sharedprocess] [info] Scanned user extensions: 4
[2019-10-07 13:35:28.256] [sharedprocess] [info] Scanned system extensions: 88
[2019-10-07 13:35:28.297] [sharedprocess] [info] Scanned user extensions: 4
[2019-10-07 13:35:28.325] [sharedprocess] [info] Scanned system extensions: 88
[2019-10-07 13:35:28.330] [sharedprocess] [info] Scanned system extensions: 88
[2019-10-07 13:35:28.337] [sharedprocess] [info] Scanned system extensions: 88
[2019-10-07 13:35:28.344] [sharedprocess] [info] Deleted from disk octref.vetur c:\Users\85888\.codemix\extensions\octref.vetur-0.21.1
[2019-10-07 13:36:04.418] [sharedprocess] [info] Starting to clean up unused language packs.
[2019-10-07 13:40:27.715] [sharedprocess] [info] Scanned user extensions: 4
[2019-10-07 13:45:27.729] [sharedprocess] [info] Scanned user extensions: 4
[2019-10-07 13:50:27.738] [sharedprocess] [info] Scanned user extensions: 4
[2019-10-07 13:55:27.745] [sharedprocess] [info] Scanned user extensions: 4
[2019-10-07 14:00:27.750] [sharedprocess] [info] Scanned user extensions: 4
[2019-10-07 14:05:27.760] [sharedprocess] [info] Scanned user extensions: 4
[2019-10-07 14:10:27.777] [sharedprocess] [info] Scanned user extensions: 4
[2019-10-07 14:15:27.796] [sharedprocess] [info] Scanned user extensions: 4
[2019-10-07 14:20:27.810] [sharedprocess] [info] Scanned user extensions: 4
[2019-10-07 14:25:27.825] [sharedprocess] [info] Scanned user extensions: 4
[2019-10-07 14:30:27.836] [sharedprocess] [info] Scanned user extensions: 4
[2019-10-07 14:35:27.853] [sharedprocess] [info] Scanned user extensions: 4
[2019-10-07 14:40:27.865] [sharedprocess] [info] Scanned user extensions: 4
[2019-10-07 14:45:27.879] [sharedprocess] [info] Scanned user extensions: 4
[2019-10-07 14:50:27.887] [sharedprocess] [info] Scanned user extensions: 4
[2019-10-07 14:55:27.905] [sharedprocess] [info] Scanned user extensions: 4
[2019-10-07 15:00:27.915] [sharedprocess] [info] Scanned user extensions: 4
[2019-10-07 15:05:27.920] [sharedprocess] [info] Scanned user extensions: 4
[2019-10-07 15:10:27.930] [sharedprocess] [info] Scanned user extensions: 4
[2019-10-07 15:15:27.938] [sharedprocess] [info] Scanned user extensions: 4
[2019-10-07 15:20:27.947] [sharedprocess] [info] Scanned user extensions: 4
[2019-10-07 15:25:27.956] [sharedprocess] [info] Scanned user extensions: 4
[2019-10-07 15:30:27.973] [sharedprocess] [info] Scanned user extensions: 4
[2019-10-07 15:35:27.996] [sharedprocess] [info] Scanned user extensions: 4
[2019-10-07 15:40:28.018] [sharedprocess] [info] Scanned user extensions: 4
[2019-10-07 15:45:28.036] [sharedprocess] [info] Scanned user extensions: 4
[2019-10-07 15:50:28.053] [sharedprocess] [info] Scanned user extensions: 4
[2019-10-07 15:55:28.069] [sharedprocess] [info] Scanned user extensions: 4
[2019-10-07 16:00:28.087] [sharedprocess] [info] Scanned user extensions: 4
[2019-10-07 16:05:28.111] [sharedprocess] [info] Scanned user extensions: 4
[2019-10-07 16:10:28.131] [sharedprocess] [info] Scanned user extensions: 4
[2019-10-07 16:15:28.146] [sharedprocess] [info] Scanned user extensions: 4
[2019-10-07 16:20:28.153] [sharedprocess] [info] Scanned user extensions: 4
[2019-10-07 16:25:28.172] [sharedprocess] [info] Scanned user extensions: 4
[2019-10-07 16:30:28.197] [sharedprocess] [info] Scanned user extensions: 4
[2019-10-07 16:35:28.213] [sharedprocess] [info] Scanned user extensions: 4
[2019-10-07 16:40:28.224] [sharedprocess] [info] Scanned user extensions: 4
[2019-10-07 16:45:28.237] [sharedprocess] [info] Scanned user extensions: 4
[2019-10-07 16:50:28.249] [sharedprocess] [info] Scanned user extensions: 4
[2019-10-07 16:55:28.262] [sharedprocess] [info] Scanned user extensions: 4
[2019-10-07 17:00:28.272] [sharedprocess] [info] Scanned user extensions: 4
[2019-10-07 17:05:28.279] [sharedprocess] [info] Scanned user extensions: 4
[2019-10-07 17:10:28.292] [sharedprocess] [info] Scanned user extensions: 4
[2019-10-07 17:15:28.304] [sharedprocess] [info] Scanned user extensions: 4
[2019-10-07 17:20:28.323] [sharedprocess] [info] Scanned user extensions: 4
[2019-10-07 17:25:28.333] [sharedprocess] [info] Scanned user extensions: 4
[2019-10-07 17:30:28.348] [sharedprocess] [info] Scanned user extensions: 4
[2019-10-07 17:35:28.359] [sharedprocess] [info] Scanned user extensions: 4
[2019-10-07 17:40:28.366] [sharedprocess] [info] Scanned user extensions: 4
[2019-10-07 17:45:28.371] [sharedprocess] [info] Scanned user extensions: 4
[2019-10-07 17:50:28.376] [sharedprocess] [info] Scanned user extensions: 4
[2019-10-07 17:55:28.382] [sharedprocess] [info] Scanned user extensions: 4
[2019-10-07 18:00:28.387] [sharedprocess] [info] Scanned user extensions: 4
[2019-10-07 18:05:28.393] [sharedprocess] [info] Scanned user extensions: 4
[2019-10-07 18:10:28.401] [sharedprocess] [info] Scanned user extensions: 4
[2019-10-07 18:15:28.408] [sharedprocess] [info] Scanned user extensions: 4
[2019-10-07 18:20:28.414] [sharedprocess] [info] Scanned user extensions: 4
[2019-10-07 18:25:28.420] [sharedprocess] [info] Scanned user extensions: 4
[2019-10-07 18:30:28.428] [sharedprocess] [info] Scanned user extensions: 4
[2019-10-07 18:35:28.433] [sharedprocess] [info] Scanned user extensions: 4
[2019-10-07 18:40:28.446] [sharedprocess] [info] Scanned user extensions: 4
[2019-10-07 18:45:28.453] [sharedprocess] [info] Scanned user extensions: 4
[2019-10-07 18:50:28.460] [sharedprocess] [info] Scanned user extensions: 4
[2019-10-07 18:55:28.466] [sharedprocess] [info] Scanned user extensions: 4
[2019-10-07 19:00:28.472] [sharedprocess] [info] Scanned user extensions: 4
[2019-10-07 19:05:28.479] [sharedprocess] [info] Scanned user extensions: 4
[2019-10-07 19:10:28.489] [sharedprocess] [info] Scanned user extensions: 4
[2019-10-07 19:15:28.496] [sharedprocess] [info] Scanned user extensions: 4
[2019-10-07 19:20:28.503] [sharedprocess] [info] Scanned user extensions: 4
[2019-10-07 19:25:28.514] [sharedprocess] [info] Scanned user extensions: 4
[2019-10-07 19:30:28.520] [sharedprocess] [info] Scanned user extensions: 4
[2019-10-07 19:35:28.525] [sharedprocess] [info] Scanned user extensions: 4
[2019-10-07 19:40:28.536] [sharedprocess] [info] Scanned user extensions: 4
[2019-10-07 19:45:28.547] [sharedprocess] [info] Scanned user extensions: 4
[2019-10-07 19:50:28.559] [sharedprocess] [info] Scanned user extensions: 4
[2019-10-07 19:55:28.575] [sharedprocess] [info] Scanned user extensions: 4
[2019-10-07 20:00:28.585] [sharedprocess] [info] Scanned user extensions: 4
[2019-10-07 20:05:28.591] [sharedprocess] [info] Scanned user extensions: 4
[2019-10-07 20:10:28.598] [sharedprocess] [info] Scanned user extensions: 4
[2019-10-07 20:15:28.602] [sharedprocess] [info] Scanned user extensions: 4
[2019-10-07 20:20:28.607] [sharedprocess] [info] Scanned user extensions: 4
[2019-10-07 20:25:28.614] [sharedprocess] [info] Scanned user extensions: 4
