[2019-10-07 13:35:23.852] [exthost] [info] extension host started
[2019-10-07 13:35:24.564] [exthost] [info] extension host started
[2019-10-07 13:35:24.597] [exthost] [info] ExtensionService#_doActivateExtension christian-kohler.path-intellisense {"startup":true,"activationEvent":"*"}
[2019-10-07 13:35:24.597] [exthost] [info] ExtensionService#loadCommonJSModule G:\spring-tool-suite-4-4\sts-4.2.1.RELEASE\plugins\com.genuitec.eclipse.code.extensions.core.win32.x86_64_3.4.0.201908201454\extensions\christian-kohler.path-intellisense-1.4.2\out\src\extension
[2019-10-07 13:35:24.620] [exthost] [info] ExtensionService#_doActivateExtension dbaeumer.vscode-eslint {"startup":true,"activationEvent":"*"}
[2019-10-07 13:35:24.620] [exthost] [info] ExtensionService#loadCommonJSModule G:\spring-tool-suite-4-4\sts-4.2.1.RELEASE\plugins\com.genuitec.eclipse.code.extensions.core.win32.x86_64_3.4.0.201908201454\extensions\dbaeumer.vscode-eslint-1.9.0\client\out\extension
[2019-10-07 13:35:24.684] [exthost] [info] ExtensionService#_doActivateExtension vscode.debug-auto-launch {"startup":true,"activationEvent":"*"}
[2019-10-07 13:35:24.684] [exthost] [info] ExtensionService#loadCommonJSModule g:\spring-tool-suite-4-4\sts-4.2.1.RELEASE\plugins\com.genuitec.eclipse.code.engine.app.win32.x86_64_3.4.0.201908201543\engine\resources\app\extensions\debug-auto-launch\dist\extension
[2019-10-07 13:35:24.691] [exthost] [info] ExtensionService#_doActivateExtension vscode.emmet {"startup":true,"activationEvent":"*"}
[2019-10-07 13:35:24.691] [exthost] [info] ExtensionService#loadCommonJSModule g:\spring-tool-suite-4-4\sts-4.2.1.RELEASE\plugins\com.genuitec.eclipse.code.engine.app.win32.x86_64_3.4.0.201908201543\engine\resources\app\extensions\emmet\dist\extension
[2019-10-07 13:35:24.709] [exthost] [info] ExtensionService#_doActivateExtension formulahendry.auto-close-tag {"startup":true,"activationEvent":"*"}
[2019-10-07 13:35:24.709] [exthost] [info] ExtensionService#loadCommonJSModule G:\spring-tool-suite-4-4\sts-4.2.1.RELEASE\plugins\com.genuitec.eclipse.code.extensions.core.win32.x86_64_3.4.0.201908201454\extensions\formulahendry.auto-close-tag-0.5.6\out\src\extension
[2019-10-07 13:35:24.711] [exthost] [info] ExtensionService#_doActivateExtension HookyQR.beautify {"startup":true,"activationEvent":"*"}
[2019-10-07 13:35:24.711] [exthost] [info] ExtensionService#loadCommonJSModule G:\spring-tool-suite-4-4\sts-4.2.1.RELEASE\plugins\com.genuitec.eclipse.code.extensions.core.win32.x86_64_3.4.0.201908201454\extensions\hookyqr.beautify-1.4.11\extension
[2019-10-07 13:35:24.779] [exthost] [info] ExtensionService#_doActivateExtension formulahendry.auto-rename-tag {"startup":true,"activationEvent":"*"}
[2019-10-07 13:35:24.779] [exthost] [info] ExtensionService#loadCommonJSModule C:\Users\85888\.codemix\extensions\formulahendry.auto-rename-tag-0.0.15\out\src\extension
[2019-10-07 13:35:24.783] [exthost] [info] ExtensionService#_doActivateExtension vscode.configuration-editing {"startup":false,"activationEvent":"onLanguage:jsonc"}
[2019-10-07 13:35:24.783] [exthost] [info] ExtensionService#loadCommonJSModule g:\spring-tool-suite-4-4\sts-4.2.1.RELEASE\plugins\com.genuitec.eclipse.code.engine.app.win32.x86_64_3.4.0.201908201543\engine\resources\app\extensions\configuration-editing\dist\extension
[2019-10-07 13:35:24.834] [exthost] [info] ExtensionService#_doActivateExtension vscode.json-language-features {"startup":false,"activationEvent":"onLanguage:jsonc"}
[2019-10-07 13:35:24.834] [exthost] [info] ExtensionService#loadCommonJSModule g:\spring-tool-suite-4-4\sts-4.2.1.RELEASE\plugins\com.genuitec.eclipse.code.engine.app.win32.x86_64_3.4.0.201908201543\engine\resources\app\extensions\json-language-features\client\dist\jsonMain
[2019-10-07 13:35:24.952] [exthost] [info] ExtensionService#_doActivateExtension vscode.typescript-language-features {"startup":false,"activationEvent":"onLanguage:jsonc"}
[2019-10-07 13:35:24.952] [exthost] [info] ExtensionService#loadCommonJSModule g:\spring-tool-suite-4-4\sts-4.2.1.RELEASE\plugins\com.genuitec.eclipse.code.engine.app.win32.x86_64_3.4.0.201908201543\engine\resources\app\extensions\typescript-language-features\dist\extension
[2019-10-07 13:35:25.026] [exthost] [info] ExtensionService#_doActivateExtension vscode.grunt {"startup":false,"activationEvent":"onCommand:workbench.action.tasks.runTask"}
[2019-10-07 13:35:25.026] [exthost] [info] ExtensionService#loadCommonJSModule g:\spring-tool-suite-4-4\sts-4.2.1.RELEASE\plugins\com.genuitec.eclipse.code.engine.app.win32.x86_64_3.4.0.201908201543\engine\resources\app\extensions\grunt\dist\main
[2019-10-07 13:35:25.030] [exthost] [info] ExtensionService#_doActivateExtension vscode.gulp {"startup":false,"activationEvent":"onCommand:workbench.action.tasks.runTask"}
[2019-10-07 13:35:25.030] [exthost] [info] ExtensionService#loadCommonJSModule g:\spring-tool-suite-4-4\sts-4.2.1.RELEASE\plugins\com.genuitec.eclipse.code.engine.app.win32.x86_64_3.4.0.201908201543\engine\resources\app\extensions\gulp\dist\main
[2019-10-07 13:35:25.034] [exthost] [info] ExtensionService#_doActivateExtension vscode.jake {"startup":false,"activationEvent":"onCommand:workbench.action.tasks.runTask"}
[2019-10-07 13:35:25.034] [exthost] [info] ExtensionService#loadCommonJSModule g:\spring-tool-suite-4-4\sts-4.2.1.RELEASE\plugins\com.genuitec.eclipse.code.engine.app.win32.x86_64_3.4.0.201908201543\engine\resources\app\extensions\jake\dist\main
[2019-10-07 13:35:25.038] [exthost] [info] ExtensionService#_doActivateExtension vscode.npm {"startup":false,"activationEvent":"onCommand:workbench.action.tasks.runTask"}
[2019-10-07 13:35:25.038] [exthost] [info] ExtensionService#loadCommonJSModule g:\spring-tool-suite-4-4\sts-4.2.1.RELEASE\plugins\com.genuitec.eclipse.code.engine.app.win32.x86_64_3.4.0.201908201543\engine\resources\app\extensions\npm\dist\main
[2019-10-07 13:35:25.057] [exthost] [info] eager extensions activated
